<?xml version="1.0" encoding="UTF-8"?>
<!-- Generated by org.testng.reporters.JUnitReportReporter -->
<testsuite skipped="0" hostname="DESKTOP-D3PBJDK" name="com.dollardays.testcases.Team2TaxExemptTestCase" tests="9" failures="0" timestamp="2020-10-03T23:14:31 EDT" time="397.655" errors="0">
  <testcase name="ValidateTaxExemptRequiredFields" time="46.563" classname="com.dollardays.testcases.Team2TaxExemptTestCase"/>
  <system-out/>
  <testcase name="ValidateTaxExemptRequiredFields" time="43.785" classname="com.dollardays.testcases.Team2TaxExemptTestCase"/>
  <system-out/>
  <testcase name="ValidateTaxExemptRequiredFields" time="41.511" classname="com.dollardays.testcases.Team2TaxExemptTestCase"/>
  <system-out/>
  <testcase name="ValidateTaxExemptRequiredFields" time="42.439" classname="com.dollardays.testcases.Team2TaxExemptTestCase"/>
  <system-out/>
  <testcase name="ValidateTaxExemptRequiredFields" time="53.661" classname="com.dollardays.testcases.Team2TaxExemptTestCase"/>
  <system-out/>
  <testcase name="ValidateTaxExemptRequiredFields" time="43.187" classname="com.dollardays.testcases.Team2TaxExemptTestCase"/>
  <system-out/>
  <testcase name="ValidateTaxExemptRequiredFields" time="43.872" classname="com.dollardays.testcases.Team2TaxExemptTestCase"/>
  <system-out/>
  <testcase name="ValidateTaxExemptRequiredFields" time="38.647" classname="com.dollardays.testcases.Team2TaxExemptTestCase"/>
  <system-out/>
  <testcase name="ValidateTaxExemptRequiredFields" time="43.990" classname="com.dollardays.testcases.Team2TaxExemptTestCase"/>
  <system-out/>
</testsuite> <!-- com.dollardays.testcases.Team2TaxExemptTestCase -->
