<?xml version="1.0" encoding="UTF-8"?>
<!-- Generated by org.testng.reporters.JUnitReportReporter -->
<testsuite skipped="0" hostname="DESKTOP-D3PBJDK" name="com.dollardays.testcases.DefaultPaymentMethodScript" tests="6" failures="0" timestamp="2020-10-03T23:14:31 EDT" time="253.565" errors="0">
  <testcase name="VerifyDCEditClick" time="42.343" classname="com.dollardays.testcases.DefaultPaymentMethodScript"/>
  <system-out/>
  <testcase name="VerifyCardVisible" time="39.035" classname="com.dollardays.testcases.DefaultPaymentMethodScript"/>
  <system-out/>
  <testcase name="VerifyClickAddNewCard" time="43.795" classname="com.dollardays.testcases.DefaultPaymentMethodScript"/>
  <system-out/>
  <testcase name="VerifySetDefaultCard" time="41.790" classname="com.dollardays.testcases.DefaultPaymentMethodScript"/>
  <system-out/>
  <testcase name="VerifyEditOnCard" time="44.156" classname="com.dollardays.testcases.DefaultPaymentMethodScript"/>
  <system-out/>
  <testcase name="VerifyDeleteCard" time="42.446" classname="com.dollardays.testcases.DefaultPaymentMethodScript"/>
  <system-out/>
</testsuite> <!-- com.dollardays.testcases.DefaultPaymentMethodScript -->
