<?xml version="1.0" encoding="UTF-8"?>
<!-- Generated by org.testng.reporters.JUnitReportReporter -->
<testsuite skipped="0" hostname="MININT-UM25UFB" name="com.dollardays.testcases.DefaultPaymentMethodScript" tests="6" failures="0" timestamp="2020-10-16T16:01:07 EDT" time="185.630" errors="0">
  <testcase name="VerifyDCEditClick" time="36.276" classname="com.dollardays.testcases.DefaultPaymentMethodScript"/>
  <system-out/>
  <testcase name="VerifyCardVisible" time="29.278" classname="com.dollardays.testcases.DefaultPaymentMethodScript"/>
  <system-out/>
  <testcase name="VerifyClickAddNewCard" time="32.518" classname="com.dollardays.testcases.DefaultPaymentMethodScript"/>
  <system-out/>
  <testcase name="VerifySetDefaultCard" time="28.256" classname="com.dollardays.testcases.DefaultPaymentMethodScript"/>
  <system-out/>
  <testcase name="VerifyEditOnCard" time="28.409" classname="com.dollardays.testcases.DefaultPaymentMethodScript"/>
  <system-out/>
  <testcase name="VerifyDeleteCard" time="30.893" classname="com.dollardays.testcases.DefaultPaymentMethodScript"/>
  <system-out/>
</testsuite> <!-- com.dollardays.testcases.DefaultPaymentMethodScript -->
