<?xml version="1.0" encoding="UTF-8"?>
<!-- Generated by org.testng.reporters.JUnitReportReporter -->
<testsuite skipped="0" hostname="DESKTOP-D3PBJDK" name="com.dollardays.testcases.EmailPreferencesValidationsTestCase" tests="5" failures="0" timestamp="2020-10-03T23:14:31 EDT" time="265.965" errors="0">
  <testcase name="emailPreferences_UserEmailAddressValidation" time="43.274" classname="com.dollardays.testcases.EmailPreferencesValidationsTestCase"/>
  <system-out/>
  <testcase name="emailPreferences_Checkbox_Validation_AtPageLaunch" time="44.095" classname="com.dollardays.testcases.EmailPreferencesValidationsTestCase"/>
  <system-out/>
  <testcase name="emailPreferences_checkbox_validation_AtClick" time="77.233" classname="com.dollardays.testcases.EmailPreferencesValidationsTestCase"/>
  <system-out/>
  <testcase name="EmailPreferences_LinksValidation" time="51.042" classname="com.dollardays.testcases.EmailPreferencesValidationsTestCase"/>
  <system-out/>
  <testcase name="termAndConditionsPage_LinksValidation" time="50.321" classname="com.dollardays.testcases.EmailPreferencesValidationsTestCase"/>
  <system-out/>
</testsuite> <!-- com.dollardays.testcases.EmailPreferencesValidationsTestCase -->
