<?xml version="1.0" encoding="UTF-8"?>
<!-- Generated by org.testng.reporters.JUnitReportReporter -->
<testsuite skipped="0" hostname="MININT-UM25UFB" name="com.dollardays.testcases.EmailPreferencesValidationsTestCase" tests="5" failures="0" timestamp="2020-10-15T00:26:21 EDT" time="308.584" errors="0">
  <testcase name="emailPreferences_UserEmailAddressValidation" time="48.689" classname="com.dollardays.testcases.EmailPreferencesValidationsTestCase"/>
  <system-out/>
  <testcase name="emailPreferences_Checkbox_Validation_AtPageLaunch" time="38.286" classname="com.dollardays.testcases.EmailPreferencesValidationsTestCase"/>
  <system-out/>
  <testcase name="emailPreferences_checkbox_validation_AtClick" time="83.760" classname="com.dollardays.testcases.EmailPreferencesValidationsTestCase"/>
  <system-out/>
  <testcase name="EmailPreferences_LinksValidation" time="66.023" classname="com.dollardays.testcases.EmailPreferencesValidationsTestCase"/>
  <system-out/>
  <testcase name="termAndConditionsPage_LinksValidation" time="71.826" classname="com.dollardays.testcases.EmailPreferencesValidationsTestCase"/>
  <system-out/>
</testsuite> <!-- com.dollardays.testcases.EmailPreferencesValidationsTestCase -->
