<?xml version="1.0" encoding="UTF-8"?>
<!-- Generated by org.testng.reporters.JUnitReportReporter -->
<testsuite skipped="0" hostname="MININT-UM25UFB" name="com.dollardays.testcases.DefaultPaymentMethodScript" tests="6" failures="0" timestamp="2020-10-15T00:26:21 EDT" time="284.877" errors="0">
  <testcase name="VerifyDCEditClick" time="39.363" classname="com.dollardays.testcases.DefaultPaymentMethodScript"/>
  <system-out/>
  <testcase name="VerifyCardVisible" time="37.574" classname="com.dollardays.testcases.DefaultPaymentMethodScript"/>
  <system-out/>
  <testcase name="VerifyClickAddNewCard" time="54.134" classname="com.dollardays.testcases.DefaultPaymentMethodScript"/>
  <system-out/>
  <testcase name="VerifySetDefaultCard" time="53.815" classname="com.dollardays.testcases.DefaultPaymentMethodScript"/>
  <system-out/>
  <testcase name="VerifyEditOnCard" time="47.451" classname="com.dollardays.testcases.DefaultPaymentMethodScript"/>
  <system-out/>
  <testcase name="VerifyDeleteCard" time="52.540" classname="com.dollardays.testcases.DefaultPaymentMethodScript"/>
  <system-out/>
</testsuite> <!-- com.dollardays.testcases.DefaultPaymentMethodScript -->
