<?xml version="1.0" encoding="UTF-8"?>
<!-- Generated by org.testng.reporters.JUnitReportReporter -->
<testsuite skipped="5" hostname="MININT-UM25UFB" name="com.dollardays.testcases.EmailPreferencesValidationsTestCase" tests="6" failures="0" timestamp="2020-10-05T17:08:31 EDT" time="2.688" errors="1">
  <testcase name="setUpBrowser" time="2.688" classname="com.dollardays.testcases.EmailPreferencesValidationsTestCase">
    <error type="java.lang.Exception" message="Driver Not Found">
      <![CDATA[java.lang.Exception: Driver Not Found
at com.dollardays.testcases.BaseTest.openBrowser(BaseTest.java:95)
at com.dollardays.testcases.BaseTest.setUpBrowser(BaseTest.java:117)
at sun.reflect.NativeMethodAccessorImpl.invoke0(Native Method)
at sun.reflect.NativeMethodAccessorImpl.invoke(NativeMethodAccessorImpl.java:62)
at sun.reflect.DelegatingMethodAccessorImpl.invoke(DelegatingMethodAccessorImpl.java:43)
at java.lang.reflect.Method.invoke(Method.java:498)
at org.testng.internal.MethodInvocationHelper.invokeMethod(MethodInvocationHelper.java:132)
at org.testng.internal.MethodInvocationHelper.invokeMethodConsideringTimeout(MethodInvocationHelper.java:61)
at org.testng.internal.ConfigInvoker.invokeConfigurationMethod(ConfigInvoker.java:366)
at org.testng.internal.ConfigInvoker.invokeConfigurations(ConfigInvoker.java:320)
at org.testng.internal.TestInvoker.runConfigMethods(TestInvoker.java:701)
at org.testng.internal.TestInvoker.invokeMethod(TestInvoker.java:527)
at org.testng.internal.TestInvoker.invokeTestMethod(TestInvoker.java:174)
at org.testng.internal.MethodRunner.runInSequence(MethodRunner.java:46)
at org.testng.internal.TestInvoker$MethodInvocationAgent.invoke(TestInvoker.java:822)
at org.testng.internal.TestInvoker.invokeTestMethods(TestInvoker.java:147)
at org.testng.internal.TestMethodWorker.invokeTestMethods(TestMethodWorker.java:146)
at org.testng.internal.TestMethodWorker.run(TestMethodWorker.java:128)
at java.util.concurrent.ThreadPoolExecutor.runWorker(ThreadPoolExecutor.java:1149)
at java.util.concurrent.ThreadPoolExecutor$Worker.run(ThreadPoolExecutor.java:624)
at java.lang.Thread.run(Thread.java:748)
]]>
    </error>
  </testcase> <!-- setUpBrowser -->
  <system-out/>
  <testcase name="emailPreferences_UserEmailAddressValidation" time="0.000" classname="com.dollardays.testcases.EmailPreferencesValidationsTestCase">
    <skipped/>
  </testcase> <!-- emailPreferences_UserEmailAddressValidation -->
  <system-out/>
  <testcase name="emailPreferences_Checkbox_Validation_AtPageLaunch" time="0.000" classname="com.dollardays.testcases.EmailPreferencesValidationsTestCase">
    <skipped/>
  </testcase> <!-- emailPreferences_Checkbox_Validation_AtPageLaunch -->
  <system-out/>
  <testcase name="emailPreferences_checkbox_validation_AtClick" time="0.000" classname="com.dollardays.testcases.EmailPreferencesValidationsTestCase">
    <skipped/>
  </testcase> <!-- emailPreferences_checkbox_validation_AtClick -->
  <system-out/>
  <testcase name="EmailPreferences_LinksValidation" time="0.000" classname="com.dollardays.testcases.EmailPreferencesValidationsTestCase">
    <skipped/>
  </testcase> <!-- EmailPreferences_LinksValidation -->
  <system-out/>
  <testcase name="termAndConditionsPage_LinksValidation" time="0.000" classname="com.dollardays.testcases.EmailPreferencesValidationsTestCase">
    <skipped/>
  </testcase> <!-- termAndConditionsPage_LinksValidation -->
  <system-out/>
</testsuite> <!-- com.dollardays.testcases.EmailPreferencesValidationsTestCase -->
