<?xml version="1.0" encoding="UTF-8"?>
<!-- Generated by org.testng.reporters.JUnitReportReporter -->
<testsuite skipped="0" hostname="MININT-UM25UFB" name="com.dollardays.testcases.EmailPreferencesValidationsTestCase" tests="5" failures="0" timestamp="2020-10-16T16:01:07 EDT" time="174.081" errors="0">
  <testcase name="emailPreferences_UserEmailAddressValidation" time="29.379" classname="com.dollardays.testcases.EmailPreferencesValidationsTestCase"/>
  <system-out/>
  <testcase name="emailPreferences_Checkbox_Validation_AtPageLaunch" time="29.462" classname="com.dollardays.testcases.EmailPreferencesValidationsTestCase"/>
  <system-out/>
  <testcase name="emailPreferences_checkbox_validation_AtClick" time="47.574" classname="com.dollardays.testcases.EmailPreferencesValidationsTestCase"/>
  <system-out/>
  <testcase name="EmailPreferences_LinksValidation" time="33.790" classname="com.dollardays.testcases.EmailPreferencesValidationsTestCase"/>
  <system-out/>
  <testcase name="termAndConditionsPage_LinksValidation" time="33.876" classname="com.dollardays.testcases.EmailPreferencesValidationsTestCase"/>
  <system-out/>
</testsuite> <!-- com.dollardays.testcases.EmailPreferencesValidationsTestCase -->
